0 info it worked if it ends with ok
1 verbose cli [ 'C:\\Program Files\\nodejs\\node.exe',
1 verbose cli   'C:\\Program Files\\nodejs\\node_modules\\npm\\bin\\npm-cli.js',
1 verbose cli   'run',
1 verbose cli   'test' ]
2 info using npm@3.10.10
3 info using node@v6.11.2
4 verbose run-script [ 'pretest', 'test', 'posttest' ]
5 info lifecycle zAnimator@0.0.1~pretest: zAnimator@0.0.1
6 silly lifecycle zAnimator@0.0.1~pretest: no script for pretest, continuing
7 info lifecycle zAnimator@0.0.1~test: zAnimator@0.0.1
8 verbose lifecycle zAnimator@0.0.1~test: unsafe-perm in lifecycle true
9 verbose lifecycle zAnimator@0.0.1~test: PATH: C:\Program Files\nodejs\node_modules\npm\bin\node-gyp-bin;G:\Steven\Projekte\zAnimator\node_modules\.bin;C:\Program Files\Common Files\Microsoft Shared\Windows Live;C:\Program Files (x86)\Common Files\Microsoft Shared\Windows Live;C:\abas\java\jdk1.7.0_79\bin;C:\ProgramData\Oracle\Java\javapath;C:\Program Files (x86)\Intel\iCLS Client\;C:\Program Files\Intel\iCLS Client\;C:\windows\system32;C:\windows;C:\windows\System32\Wbem;C:\windows\System32\WindowsPowerShell\v1.0\;C:\Program Files\Intel\WiFi\bin\;C:\Program Files\Common Files\Intel\WirelessCommon\;c:\Program Files (x86)\ATI Technologies\ATI.ACE\Core-Static;C:\Program Files (x86)\Intel\Intel(R) Management Engine Components\DAL;C:\Program Files\Intel\Intel(R) Management Engine Components\DAL;C:\Program Files (x86)\Intel\Intel(R) Management Engine Components\IPT;C:\Program Files\Intel\Intel(R) Management Engine Components\IPT;C:\Program Files\OpenVPN\bin;C:\Program Files (x86)\Common Files\Acronis\VirtualFile\;C:\Program Files (x86)\Common Files\Acronis\VirtualFile64\;C:\Program Files (x86)\Common Files\Acronis\SnapAPI\;C:\abas\java\jdk1.8.0_102\bin;C:\Program Files (x86)\Windows Live\Shared;C:\Program Files (x86)\Sophos\Sophos SSL VPN Client\bin;C:\Program Files (x86)\openVPN_new\bin;C:\Program Files\nodejs\;C:\Program Files\Git\cmd;C:\Users\swruk\AppData\Local\Programs\Python\Python36-32\Scripts\;C:\Users\swruk\AppData\Local\Programs\Python\Python36-32\;C:\Ruby23\bin;C:\Users\swruk\AppData\Local\atom\bin;C:\apache-maven-3.3.9\bin;C:\Program Files (x86)\Sophos\Sophos SSL VPN Client\bin;C:\Users\swruk\AppData\Roaming\npm
10 verbose lifecycle zAnimator@0.0.1~test: CWD: G:\Steven\Projekte\zAnimator
11 silly lifecycle zAnimator@0.0.1~test: Args: [ '/d /s /c', 'mochify' ]
12 silly lifecycle zAnimator@0.0.1~test: Returned: code: 1  signal: null
13 info lifecycle zAnimator@0.0.1~test: Failed to exec test script
14 verbose stack Error: zAnimator@0.0.1 test: `mochify`
14 verbose stack Exit status 1
14 verbose stack     at EventEmitter.<anonymous> (C:\Program Files\nodejs\node_modules\npm\lib\utils\lifecycle.js:255:16)
14 verbose stack     at emitTwo (events.js:106:13)
14 verbose stack     at EventEmitter.emit (events.js:191:7)
14 verbose stack     at ChildProcess.<anonymous> (C:\Program Files\nodejs\node_modules\npm\lib\utils\spawn.js:40:14)
14 verbose stack     at emitTwo (events.js:106:13)
14 verbose stack     at ChildProcess.emit (events.js:191:7)
14 verbose stack     at maybeClose (internal/child_process.js:891:16)
14 verbose stack     at Process.ChildProcess._handle.onexit (internal/child_process.js:226:5)
15 verbose pkgid zAnimator@0.0.1
16 verbose cwd G:\Steven\Projekte\zAnimator
17 error Windows_NT 6.1.7601
18 error argv "C:\\Program Files\\nodejs\\node.exe" "C:\\Program Files\\nodejs\\node_modules\\npm\\bin\\npm-cli.js" "run" "test"
19 error node v6.11.2
20 error npm  v3.10.10
21 error code ELIFECYCLE
22 error zAnimator@0.0.1 test: `mochify`
22 error Exit status 1
23 error Failed at the zAnimator@0.0.1 test script 'mochify'.
23 error Make sure you have the latest version of node.js and npm installed.
23 error If you do, this is most likely a problem with the zAnimator package,
23 error not with npm itself.
23 error Tell the author that this fails on your system:
23 error     mochify
23 error You can get information on how to open an issue for this project with:
23 error     npm bugs zAnimator
23 error Or if that isn't available, you can get their info via:
23 error     npm owner ls zAnimator
23 error There is likely additional logging output above.
24 verbose exit [ 1, true ]
